* Host test-intgapi.efevoopay.com:443 was resolved.
* IPv6: 2606:4700:10::ac42:a3fa, 2606:4700:10::6814:1aab
* IPv4: 172.66.163.250, 104.20.26.171
*   Trying [2606:4700:10::ac42:a3fa]:443...
* ALPN: curl offers h2,http/1.1
*  CAfile: C:\Program Files\php\extras\ssl\cacert.pem
*  CApath: none
* SSL connection using TLSv1.3 / TLS_AES_256_GCM_SHA384 / X25519 / id-ecPublicKey
* ALPN: server accepted h2
* Server certificate:
*  subject: CN=efevoopay.com
*  start date: Jan 18 09:21:01 2026 GMT
*  expire date: Apr 18 10:20:50 2026 GMT
*  subjectAltName: host "test-intgapi.efevoopay.com" matched cert's "*.efevoopay.com"
*  issuer: C=US; O=Google Trust Services; CN=WE1
*  SSL certificate verify ok.
*   Certificate level 0: Public key type EC/prime256v1 (256/128 Bits/secBits), signed using ecdsa-with-SHA256
*   Certificate level 1: Public key type EC/prime256v1 (256/128 Bits/secBits), signed using ecdsa-with-SHA384
*   Certificate level 2: Public key type EC/secp384r1 (384/192 Bits/secBits), signed using ecdsa-with-SHA384
* Connected to test-intgapi.efevoopay.com (2606:4700:10::ac42:a3fa) port 443
* using HTTP/2
* [HTTP/2] [1] OPENED stream for https://test-intgapi.efevoopay.com/v1/apiservice
* [HTTP/2] [1] [:method: GET]
* [HTTP/2] [1] [:scheme: https]
* [HTTP/2] [1] [:authority: test-intgapi.efevoopay.com]
* [HTTP/2] [1] [:path: /v1/apiservice]
* [HTTP/2] [1] [accept: */*]
> GET /v1/apiservice HTTP/2
Host: test-intgapi.efevoopay.com
Accept: */*

* Request completely sent off
< HTTP/2 404 
< date: Fri, 30 Jan 2026 02:06:15 GMT
< content-type: application/json
< content-length: 63
< cf-ray: 9c5d68b318d832cd-QRO
< cf-cache-status: DYNAMIC
< access-control-allow-origin: null
< cache-control: no-store, max-age=0
< expires: 0
< server: cloudflare
< set-cookie: __Secure-=EGr2Uqn6b6t9mfeV8b8tH5grN36nj3fKr5wkdqcULc8KgvXH7MhBNPZKrzsgRnNr; max-age=10800; SameSite=Lax; Secure; HttpOnly
< strict-transport-security: max-age=31536000; includeSubDomains; preload
< vary: Origin, accept-encoding
< pragma: no-cache
< access-control-allow-credentials: true
< access-control-allow-headers: Content-Type,Authorization
< access-control-allow-methods: POST, GET
< access-control-max-age: 240
< content-security-policy: default-src 'none';script-src-elem static.cloudflareinsights.com ; img-src efv-emi-lambda.s3.amazonaws.com ; connect-src *.efevoopay.com *.efevoopaylbda.com ; base-uri 'none'; frame-ancestors 'none'; form-action 'none'; object-src 'none'; upgrade-insecure-requests; block-all-mixed-content;
< cross-origin-embedder-policy: require-corp; report-to='https://report.efevoopay.com/report';
< cross-origin-embedder-policy-report-only: require-corp; report-to='https://report.efevoopay.com/report';
< cross-origin-opener-policy: same-origin; report-to='https://report.efevoopay.com/report';
< cross-origin-opener-policy-report-only: same-origin; report-to='https://report.efevoopay.com/report';
< permissions-policy: geolocation=(), microphone=(), camera=()
< expect-ct: max-age=86400, enforce
< referrer-policy: same-origin
< x-content-type-options: nosniff
< x-frame-options: SAMEORIGIN
< x-xss-protection: 1; mode=block
< alt-svc: h3=":443"; ma=86400
< 
* Connection #0 to host test-intgapi.efevoopay.com left intact
