=== PDO CHECK ===
PDO
pdo_sqlite
pdo_mysql: NO
=== MYSQL CONNECTION ===

   PDOException 

  could not find driver

  at vendor/laravel/framework/src/Illuminate/Database/Connectors/Connector.php:67
     63▕     protected function createPdoConnection($dsn, $username, #[\SensitiveParameter] $password, $options)
     64▕     {
     65▕         return version_compare(phpversion(), '8.4.0', '<')
     66▕             ? new PDO($dsn, $username, $password, $options)
  ➜  67▕             : PDO::connect($dsn, $username, $password, $options); /** @phpstan-ignore staticMethod.notFound (PHP 8.4) */
     68▕     }
     69▕ 
     70▕     /**
     71▕      * Handle an exception that occurred during connect execution.

      [2m+22 vendor frames [22m

  23  artisan:13
      Illuminate\Foundation\Application::handleCommand()

PDO connect: OK
=== MIGRATE ===

   Illuminate\Database\QueryException 

  could not find driver (Connection: mysql, SQL: select exists (select 1 from information_schema.tables where table_schema = 'famedic' and table_name = 'migrations' and table_type in ('BASE TABLE', 'SYSTEM VERSIONED')) as `exists`)

  at vendor/laravel/framework/src/Illuminate/Database/Connection.php:825
    821▕                     $this->getName(), $query, $this->prepareBindings($bindings), $e
    822▕                 );
    823▕             }
    824▕ 
  ➜ 825▕             throw new QueryException(
    826▕                 $this->getName(), $query, $this->prepareBindings($bindings), $e
    827▕             );
    828▕         }
    829▕     }

      [2m+39 vendor frames [22m

  40  artisan:13
      Illuminate\Foundation\Application::handleCommand()

MIGRATE_EXIT:1
=== TESTS ===
--- CouponEligibilityIsolatedTest ---

   PASS  Tests\Feature\Coupons\CouponEligibilityIsolatedTest
  ✓ cupon sin restricciones funciona como hoy                            1.19s  
  ✓ cupon con valid from futuro no aplica                                0.44s  
  ✓ cupon con expires at pasado no aplica                                0.43s  
  ✓ cupon dentro de ventana de vigencia aplica                           0.41s  
  ✓ cupon con min purchase y total menor falla                           0.43s  
  ✓ cupon con min purchase y total igual aplica                          0.41s  
  ✓ cupon con min purchase y total mayor aplica                          0.61s  
  ✓ get user balance no suma cupones vencidos                            0.45s  
  ✓ get available coupons no devuelve cupones vencidos                   0.60s  
  ✓ al crear cupon hijo se copian campos de vigencia y minimo            0.58s  
  ✓ reverso de saldo no modifica vigencia ni compra minima               0.64s  

  Tests:    11 passed (20 assertions)
  Duration: 6.48s

TEST_CouponEligibilityIsolatedTest_EXIT:0
--- CouponBeneficiaryIsolatedTest ---

   PASS  Tests\Feature\Coupons\CouponBeneficiaryIsolatedTest
  ✓ preview detecta usuario registrado                                   0.76s  
  ✓ preview detecta beneficiario pendiente                               0.42s  
  ✓ preview detecta email invalido                                       0.44s  
  ✓ preview detecta duplicado en archivo                                 0.43s  
  ✓ preview detecta email ya beneficiario                                0.49s  
  ✓ confirm asigna usuario registrado con coupon user                    0.50s  
  ✓ confirm crea pending user sin coupon user                            0.72s  
  ✓ confirm respeta unique campana email                                 0.43s  
  ✓ confirm respeta max beneficiaries contando pendientes                0.51s  
  ✓ confirm copia vigencia y minimo en hijos                             0.45s  
  ✓ get user balance no cuenta pendientes sin usuario                    1.07s  

  Tests:    11 passed (22 assertions)
  Duration: 6.35s

TEST_CouponBeneficiaryIsolatedTest_EXIT:0
--- CouponBeneficiaryLinkingIsolatedTest ---

   PASS  Tests\Feature\Coupons\CouponBeneficiaryLinkingIsolatedTest
  ✓ usuario verificado vincula beneficiario pendiente                    1.00s  
  ✓ usuario no verificado no vincula                                     0.49s  
  ✓ listener verified vincula beneficiario                               1.13s  
  ✓ doble ejecucion es idempotente                                       0.62s  
  ✓ no vincula beneficiario cancelled                                    0.88s  
  ✓ no vincula si email no coincide normalizado                          0.48s  
  ✓ no vincula si cupon maestro inactivo                                 0.64s  
  ✓ no vincula si cupon maestro no aprobado                              0.58s  
  ✓ vincula multiples campanas mismo email                               0.78s  
  ✓ hereda vigencia y compra minima                                      0.64s  
  ✓ comando dry run no modifica datos                                    0.60s  
  ✓ comando sin dry run vincula pendientes                               0.57s  

  Tests:    12 passed (37 assertions)
  Duration: 8.54s

TEST_CouponBeneficiaryLinkingIsolatedTest_EXIT:0
--- CouponBeneficiaryNotificationsIsolatedTest ---

   PASS  Tests\Feature\Coupons\CouponBeneficiaryNotificationsIsolatedTest
  ✓ confirm pendiente envia invitacion                                   0.89s  
  ✓ confirm pendiente actualiza campos invitacion                        0.43s  
  ✓ reenviar invitacion desde servicio funciona                          0.55s  
  ✓ reenviar invitacion respeta cooldown                                 0.47s  
  ✓ no permite reenviar beneficiario asignado                            0.41s  
  ✓ no permite reenviar beneficiario cancelled                           0.44s  
  ✓ vincular envia email activacion                                      0.53s  
  ✓ activacion actualiza activated at y activation notified at           0.52s  
  ✓ doble vinculacion no duplica email activacion                        0.56s  
  ✓ fallo notificacion in app no revierte vinculacion                    0.75s  
  ✓ invitacion incluye vigencia y compra minima                          0.53s  
  ✓ usuario registrado asignado no recibe invitacion pendiente           0.59s  
  ✓ comando envia invitaciones pendientes sin enviar                     0.58s  

  Tests:    13 passed (22 assertions)
  Duration: 7.44s

TEST_CouponBeneficiaryNotificationsIsolatedTest_EXIT:0
--- LaboratoryPurchaseCouponReversalIsolatedTest ---

   PASS  Tests\Feature\Coupons\LaboratoryPurchaseCouponReversalIsolatedTest
  ✓ reverso exitoso restaura saldo marca transaccion y audita            0.80s  
  ✓ action orquestadora delega y retorna monto restaurado                0.52s  
  ✓ reverso es idempotente y no duplica saldo                            0.47s  
  ✓ pedido sin cupon retorna cero sin error                              0.35s  
  ✓ inconsistencia coupon discount sin transaccion lanza excepcion       0.36s  
  ✓ transaccion de otro usuario lanza excepcion                          0.45s  
  ✓ pedido de otro cliente lanza excepcion                               0.52s  
  ✓ cupon no marcado como usado lanza excepcion                          0.50s  

  Tests:    8 passed (27 assertions)
  Duration: 4.09s

TEST_LaboratoryPurchaseCouponReversalIsolatedTest_EXIT:0
=== BUILD PERMS ===
total 332
drwxrwxrwx 3 developer developer   4096 May 28 11:39 .
drwxr-xr-x 5 developer developer   4096 May 26 09:41 ..
drwxrwxrwx 2 root      root       20480 May 28 11:39 assets
-rwxrwxrwx 1 root      root      306490 May 28 11:39 manifest.json
sudo: timed out
chown: changing ownership of 'public/build/manifest.json': Operation not permitted
chown: changing ownership of 'public/build/assets': Operation not permitted
chown: changing ownership of 'public/build/assets/LaboratoryOrderDetail-BTZj9v1K.js': Operation not permitted
chown: changing ownership of 'public/build/assets/PaymentAttempts-C-5jPYo4.js': Operation not permitted
chown: changing ownership of 'public/build/assets/NoSymbolIcon-J0HkhgU4.js': Operation not permitted
chown: changing ownership of 'public/build/assets/Contacts-2Kh8D_Mk.js': Operation not permitted
chown: changing ownership of 'public/build/assets/use-sync-refs-BsTb2d1j.js': Operation not permitted
chown: changing ownership of 'public/build/assets/useDeleteLaboratoryCartItem-u-pDUGc4.js': Operation not permitted
chown: changing ownership of 'public/build/assets/ClipboardDocumentCheckIcon-_NhxzpsW.js': Operation not permitted
chown: changing ownership of 'public/build/assets/User-B21y2pHi.js': Operation not permitted
chown: changing ownership of 'public/build/assets/LaboratoryPurchase-BVwnWMPi.js': Operation not permitted
chown: changing ownership of 'public/build/assets/DevicePhoneMobileIcon-R_hm1jBP.js': Operation not permitted
chown: changing ownership of 'public/build/assets/proxy-DPvbfBac.js': Operation not permitted
chown: changing ownership of 'public/build/assets/Register-ozAZTmk8.js': Operation not permitted
chown: changing ownership of 'public/build/assets/ArrowRightStartOnRectangleIcon-CUpH8OOp.js': Operation not permitted
chown: changing ownership of 'public/build/assets/testimonials-DKcp5sia.js': Operation not permitted
chown: changing ownership of 'public/build/assets/MisSolicitudes-D1HlJj0p.js': Operation not permitted
chown: changing ownership of 'public/build/assets/LaboratoryNotificationsMonitor-DVVj3CJc.js': Operation not permitted
chown: changing ownership of 'public/build/assets/LaboratoryTests-CTF7IX1Q.js': Operation not permitted
chown: changing ownership of 'public/build/assets/laboratoryBrand-CHUW79NS.js': Operation not permitted
chown: changing ownership of 'public/build/assets/ThreeDSResult-DOWyz_IH.js': Operation not permitted
chown: changing ownership of 'public/build/assets/LaboratoryPurchaseTableRow-BXCL-zDM.js': Operation not permitted
chown: changing ownership of 'public/build/assets/AdministratorCreation-icX7I65o.js': Operation not permitted
chown: changing ownership of 'public/build/assets/PaymentMethodBadge-DWS5Jp2J.js': Operation not permitted
chown: changing ownership of 'public/build/assets/ContactDeleteConfirmation-Bu6uRJ7K.js': Operation not permitted
chown: changing ownership of 'public/build/assets/sidebar-Cvne6obh.js': Operation not permitted
chown: changing ownership of 'public/build/assets/SubscriptionDetails-BaBMvg4t.js': Operation not permitted
chown: changing ownership of 'public/build/assets/PlusCircleIcon-4Y3-rE0k.js': Operation not permitted
chown: changing ownership of 'public/build/assets/MedicalAttentionSubscriptions-BFyUo6ve.js': Operation not permitted
chown: changing ownership of 'public/build/assets/DocumentTextIcon-DLprCL1e.js': Operation not permitted
chown: changing ownership of 'public/build/assets/RoleCreation-Cy3LHySX.js': Operation not permitted
chown: changing ownership of 'public/build/assets/ApplicationLogo-DNX6tfbf.js': Operation not permitted
chown: changing ownership of 'public/build/assets/AddressStep-BUr0dMo4.js': Operation not permitted
chown: changing ownership of 'public/build/assets/CalendarIcon-Cbehhfy_.js': Operation not permitted
chown: changing ownership of 'public/build/assets/ArrowLeftIcon-GLOFYyci.js': Operation not permitted
chown: changing ownership of 'public/build/assets/switch-LeX9_5gp.js': Operation not permitted
chown: changing ownership of 'public/build/assets/Index-BD5pqc0-.js': Operation not permitted
chown: changing ownership of 'public/build/assets/Family-CC_ct3DR.js': Operation not permitted
chown: changing ownership of 'public/build/assets/ExclamationTriangleIcon-rTJc-hCK.js': Operation not permitted
chown: changing ownership of 'public/build/assets/table-DEvK-bLg.js': Operation not permitted
chown: changing ownership of 'public/build/assets/OdessaLogo-BoleSvRN.js': Operation not permitted
chown: changing ownership of 'public/build/assets/PatientInfoCard-DPLig5VA.js': Operation not permitted
chown: changing ownership of 'public/build/assets/generateCategoricalChart-B_Z_SURf.js': Operation not permitted
chown: changing ownership of 'public/build/assets/CreditCardIcon-D9Hs7eZz.js': Operation not permitted
chown: changing ownership of 'public/build/assets/SecurityVerificationModal-Diq9DTYP.js': Operation not permitted
chown: changing ownership of 'public/build/assets/InvitationLink-YRfO92a3.js': Operation not permitted
chown: changing ownership of 'public/build/assets/SearchInput-BvEYEWKF.js': Operation not permitted
chown: changing ownership of 'public/build/assets/TaxProfiles-B2HHa6yB.js': Operation not permitted
chown: changing ownership of 'public/build/assets/ForgotPasswordLink-BWOEK5so.js': Operation not permitted
chown: changing ownership of 'public/build/assets/ArrowPathIcon-CoOTRtW_.js': Operation not permitted
chown: changing ownership of 'public/build/assets/fieldset-CIgmB_TO.js': Operation not permitted
chown: changing ownership of 'public/build/assets/Administrators-Bo3P4wQd.js': Operation not permitted
chown: changing ownership of 'public/build/assets/DeleteConfirmationModal-BCCDLSwY.js': Operation not permitted
chown: changing ownership of 'public/build/assets/UserGroupIcon-BqiUg1uf.js': Operation not permitted
chown: changing ownership of 'public/build/assets/AppointmentSummary-CnV7UQn4.js': Operation not permitted
chown: changing ownership of 'public/build/assets/GdaNotifications-D_izBhFz.js': Operation not permitted
chown: changing ownership of 'public/build/assets/ContactInfoCard-CyyfLmzr.js': Operation not permitted
chown: changing ownership of 'public/build/assets/BuildingStorefrontIcon-DRZ1N5HG.js': Operation not permitted
chown: changing ownership of 'public/build/assets/EfevooPayLogo-SALJ8Zlh.js': Operation not permitted
chown: changing ownership of 'public/build/assets/RightsARCO-CH3dKMo2.js': Operation not permitted
chown: changing ownership of 'public/build/assets/LaboratoryAppointment-CQ_kZrEi.js': Operation not permitted
chown: changing ownership of 'public/build/assets/alert-DyZeWoST.js': Operation not permitted
chown: changing ownership of 'public/build/assets/LaboratoryTest-CEYlY3jF.js': Operation not permitted
chown: changing ownership of 'public/build/assets/Document-BxizwGBb.js': Operation not permitted
chown: changing ownership of 'public/build/assets/PaginatedTable-Cfas5s1-.js': Operation not permitted
chown: changing ownership of 'public/build/assets/LaboratoryNotificationsMonitorShow-DhN1dYq7.js': Operation not permitted
chown: changing ownership of 'public/build/assets/LaboratoryTestCreation-DNZoG7g9.js': Operation not permitted
chown: changing ownership of 'public/build/assets/PieChart-DAOQKImO.js': Operation not permitted
chown: changing ownership of 'public/build/assets/QrCodeIcon-Bg5Q_A4X.js': Operation not permitted
chown: changing ownership of 'public/build/assets/MedicalAttention-DzBQkH5m.js': Operation not permitted
chown: changing ownership of 'public/build/assets/ArrowLeftIcon-BINUN3ww.js': Operation not permitted
chown: changing ownership of 'public/build/assets/PhoneButton-3Dup8RRF.js': Operation not permitted
chown: changing ownership of 'public/build/assets/ThreeDSRedirect-PGS_TyIG.js': Operation not permitted
chown: changing ownership of 'public/build/assets/OnlinePharmacyPurchase-EIVVKKMd.js': Operation not permitted
chown: changing ownership of 'public/build/assets/PencilIcon-C8U9Wx27.js': Operation not permitted
chown: changing ownership of 'public/build/assets/DocumentationForm-D8fCY6O7.css': Operation not permitted
chown: changing ownership of 'public/build/assets/Addresses-BuxbFIs7.js': Operation not permitted
chown: changing ownership of 'public/build/assets/VendorPayments-B8HL3JHC.js': Operation not permitted
chown: changing ownership of 'public/build/assets/LaboratoryVendorPaymentCreate-uGo7iSh9.js': Operation not permitted
chown: changing ownership of 'public/build/assets/ArrowPathIcon-DERvyuYv.js': Operation not permitted
chown: changing ownership of 'public/build/assets/BellAlertIcon-rpFHMJFM.js': Operation not permitted
chown: changing ownership of 'public/build/assets/MockThreeDS-CJGqMr9z.js': Operation not permitted
chown: changing ownership of 'public/build/assets/text-8gsCn5RW.js': Operation not permitted
chown: changing ownership of 'public/build/assets/ShoppingCartBanner-CpgctEvk.js': Operation not permitted
chown: changing ownership of 'public/build/assets/OdessaBadge-DXeKUd65.js': Operation not permitted
chown: changing ownership of 'public/build/assets/pagination-BrKsuNQE.js': Operation not permitted
chown: changing ownership of 'public/build/assets/PhoneIcon-DmiafAB2.js': Operation not permitted
chown: changing ownership of 'public/build/assets/QuickLinks-Cpc3rRV6.js': Operation not permitted
chown: changing ownership of 'public/build/assets/Card-Cs22auT9.js': Operation not permitted
chown: changing ownership of 'public/build/assets/DateFilter-Cz2TYl_o.js': Operation not permitted
chown: changing ownership of 'public/build/assets/ExportDialog-sGWbB6od.js': Operation not permitted
chown: changing ownership of 'public/build/assets/MurguiaUpload-CYCE1A2X.js': Operation not permitted
chown: changing ownership of 'public/build/assets/QrCodeIcon-Ckt6ncE3.js': Operation not permitted
chown: changing ownership of 'public/build/assets/TaxProfileFormUI-BkYphhEZ.js': Operation not permitted
chown: changing ownership of 'public/build/assets/OnlinePharmacySearch-BQm9zQMo.js': Operation not permitted
chown: changing ownership of 'public/build/assets/EnvelopeOpenIcon-CYlkkSKV.js': Operation not permitted
chown: changing ownership of 'public/build/assets/ForgotPassword-aeKdtR_j.js': Operation not permitted
chown: changing ownership of 'public/build/assets/LaboratoryPurchase-DPI3zu6S.js': Operation not permitted
chown: changing ownership of 'public/build/assets/Hero-KbXuO2mY.js': Operation not permitted
chown: changing ownership of 'public/build/assets/AddressForm-BqEWgIgQ.js': Operation not permitted
chown: changing ownership of 'public/build/assets/CartShow-B1O07bpU.js': Operation not permitted
chown: changing ownership of 'public/build/assets/OnlinePharmacyPurchases-CXIh3I1U.js': Operation not permitted
chown: changing ownership of 'public/build/assets/InformationCircleIcon-PtakgbFt.js': Operation not permitted
chown: changing ownership of 'public/build/assets/laboratoryPurchaseQueryParams-DJPlEXIY.js': Operation not permitted
chown: changing ownership of 'public/build/assets/StatusBadge-C1MVSZij.js': Operation not permitted
chown: changing ownership of 'public/build/assets/OtpAccess-DECx5nQs.js': Operation not permitted
chown: changing ownership of 'public/build/assets/ChatBubbleLeftRightIcon-xqe3eSj7.js': Operation not permitted
chown: changing ownership of 'public/build/assets/StudiesTable-sHD4b3NN.js': Operation not permitted
chown: changing ownership of 'public/build/assets/index-CCHRIjHC.js': Operation not permitted
chown: changing ownership of 'public/build/assets/CheckIcon-CJa8UY6m.js': Operation not permitted
chown: changing ownership of 'public/build/assets/ClockIcon-DR0gmE_R.js': Operation not permitted
chown: changing ownership of 'public/build/assets/MurguiaMonitor-BsdTYv8b.js': Operation not permitted
chown: changing ownership of 'public/build/assets/use-resolve-button-type-CmEvH57r.js': Operation not permitted
chown: changing ownership of 'public/build/assets/PurchasesChart-SiqjSoes.js': Operation not permitted
chown: changing ownership of 'public/build/assets/badge-Cr270Wn6.js': Operation not permitted
chown: changing ownership of 'public/build/assets/CalendarDaysIcon-DFnoef2Y.js': Operation not permitted
chown: changing ownership of 'public/build/assets/LogsGeneral-rYmQE1bx.js': Operation not permitted
chown: changing ownership of 'public/build/assets/Login-CXU3tWO-.js': Operation not permitted
chown: changing ownership of 'public/build/assets/UpdateButton-ulsSSQl0.js': Operation not permitted
chown: changing ownership of 'public/build/assets/EllipsisHorizontalIcon-BKRbsdI7.js': Operation not permitted
chown: changing ownership of 'public/build/assets/TaxProfileForm-DLyGpQl6.js': Operation not permitted
chown: changing ownership of 'public/build/assets/LaboratoryAppointments-CDFGiL9f.js': Operation not permitted
chown: changing ownership of 'public/build/assets/CoverageDetails-FZ-geRah.js': Operation not permitted
chown: changing ownership of 'public/build/assets/UserCircleIcon-jGjwExYC.js': Operation not permitted
chown: changing ownership of 'public/build/assets/PaymentMethods-B74MvFrv.js': Operation not permitted
chown: changing ownership of 'public/build/assets/ContactForm-Bu2TH0NK.js': Operation not permitted
chown: changing ownership of 'public/build/assets/VerifyPhone-BQAdALn7.js': Operation not permitted
chown: changing ownership of 'public/build/assets/MagnifyingGlassIcon-Dk55CFJJ.js': Operation not permitted
chown: changing ownership of 'public/build/assets/StateSelect-BH4Y3ve8.js': Operation not permitted
chown: changing ownership of 'public/build/assets/OnlinePharmacyPurchaseTableRow-BG2V8Md7.js': Operation not permitted
chown: changing ownership of 'public/build/assets/CheckCircleIcon-D4plCYiE.js': Operation not permitted
chown: changing ownership of 'public/build/assets/OdessaAutoLogin-BouWQ_Tj.js': Operation not permitted
chown: changing ownership of 'public/build/assets/LockClosedIcon-D6sVlnhJ.js': Operation not permitted
chown: changing ownership of 'public/build/assets/OnlinePharmacy-CfzwlLun.js': Operation not permitted
chown: changing ownership of 'public/build/assets/clsx-B-dksMZM.js': Operation not permitted
chown: changing ownership of 'public/build/assets/CustomerInfo-e7ahBLX2.js': Operation not permitted
chown: changing ownership of 'public/build/assets/PencilSquareIcon-2ldHcAmx.js': Operation not permitted
chown: changing ownership of 'public/build/assets/Customer-Cefq1m5u.js': Operation not permitted
chown: changing ownership of 'public/build/assets/Admin-Do46S-jJ.js': Operation not permitted
chown: changing ownership of 'public/build/assets/LaboratoryShoppingCart-BsW8yk3p.js': Operation not permitted
chown: changing ownership of 'public/build/assets/PhoneIcon-DyncDvh_.js': Operation not permitted
chown: changing ownership of 'public/build/assets/FooterCopyrights-Crm3HWsI.js': Operation not permitted
chown: changing ownership of 'public/build/assets/ArrowDownTrayIcon-Bzy8XQ4h.js': Operation not permitted
chown: changing ownership of 'public/build/assets/Welcome-Cznj0x1f.js': Operation not permitted
chown: changing ownership of 'public/build/assets/input-C1glvZrb.js': Operation not permitted
chown: changing ownership of 'public/build/assets/tabs-BCcOpUCg.js': Operation not permitted
chown: changing ownership of 'public/build/assets/MagnifyingGlassIcon-UPctiD-7.js': Operation not permitted
chown: changing ownership of 'public/build/assets/CheckIcon-ClIJCpLT.js': Operation not permitted
chown: changing ownership of 'public/build/assets/VendorPaymentLayout-CtxS0hwZ.js': Operation not permitted
chown: changing ownership of 'public/build/assets/CTA-jkjLnW5x.js': Operation not permitted
chown: changing ownership of 'public/build/assets/Show-Dx0Sfb0T.js': Operation not permitted
chown: changing ownership of 'public/build/assets/OnlinePharmacyShoppingCart-6j86HLbA.js': Operation not permitted
chown: changing ownership of 'public/build/assets/CountryListbox-GoJ8RoW6.js': Operation not permitted
chown: changing ownership of 'public/build/assets/PaymentAttempt-CX3RyUbf.js': Operation not permitted
chown: changing ownership of 'public/build/assets/SettingsCard-Dlx_C9sZ.js': Operation not permitted
chown: changing ownership of 'public/build/assets/SubscribeHero-BqYKi8q_.js': Operation not permitted
chown: changing ownership of 'public/build/assets/AuthLayout-BQnHQqT7.js': Operation not permitted
chown: changing ownership of 'public/build/assets/Carts-DIGXdC_c.js': Operation not permitted
chown: changing ownership of 'public/build/assets/Import-RdVm50a8.js': Operation not permitted
chown: changing ownership of 'public/build/assets/AdminLayout-CsSKlG-U.js': Operation not permitted
chown: changing ownership of 'public/build/assets/FilterCountBadge-DuMoC1RM.js': Operation not permitted
chown: changing ownership of 'public/build/assets/BarsArrowDownIcon-BS_54dhl.js': Operation not permitted
chown: changing ownership of 'public/build/assets/textarea-B1MlotWp.js': Operation not permitted
chown: changing ownership of 'public/build/assets/label-BuZ8MZ28.js': Operation not permitted
chown: changing ownership of 'public/build/assets/ShieldCheckIcon-5DhXf2uz.js': Operation not permitted
chown: changing ownership of 'public/build/assets/GlobeAmericasIcon-DR7wifVQ.js': Operation not permitted
chown: changing ownership of 'public/build/assets/ListboxFilter-DbEYkvPe.js': Operation not permitted
chown: changing ownership of 'public/build/assets/LaboratoryViewResultsButton-DtEKhFG8.js': Operation not permitted
chown: changing ownership of 'public/build/assets/Home-BL8-D3kb.js': Operation not permitted
chown: changing ownership of 'public/build/assets/SearchResultsMessage-Cyu1rIQe.js': Operation not permitted
chown: changing ownership of 'public/build/assets/button-BlzXN3Jb.js': Operation not permitted
chown: changing ownership of 'public/build/assets/PhotoIcon-DrHM3Ckp.js': Operation not permitted
chown: changing ownership of 'public/build/assets/disclosure-DrL_HMKx.js': Operation not permitted
chown: changing ownership of 'public/build/assets/VerticalNavbar-CRdxlHLv.js': Operation not permitted
chown: changing ownership of 'public/build/assets/MurguiaLogs-Ccu7t-Kh.js': Operation not permitted
chown: changing ownership of 'public/build/assets/ContactInfoForm-DavCYNF6.js': Operation not permitted
chown: changing ownership of 'public/build/assets/TaxProfile-Ci8MffMs.js': Operation not permitted
chown: changing ownership of 'public/build/assets/LaboratoryTestsGrid-BN8FliS-.js': Operation not permitted
chown: changing ownership of 'public/build/assets/keyboard-C1Wiwm26.js': Operation not permitted
chown: changing ownership of 'public/build/assets/RoleForm-DDp9ULEB.js': Operation not permitted
chown: changing ownership of 'public/build/assets/AppLayout-DsX4ydEp.js': Operation not permitted
chown: changing ownership of 'public/build/assets/FocusedLayout-ebDHgbOf.js': Operation not permitted
chown: changing ownership of 'public/build/assets/InformationCircleIcon-tjETEOdR.js': Operation not permitted
chown: changing ownership of 'public/build/assets/LaboratoryPurchases-D3UbpO9X.js': Operation not permitted
chown: changing ownership of 'public/build/assets/XMarkIcon-BN66oSX-.js': Operation not permitted
chown: changing ownership of 'public/build/assets/CheckIcon-BY-kaWuQ.js': Operation not permitted
chown: changing ownership of 'public/build/assets/PrivacyPolicy-BwUQFeoa.js': Operation not permitted
chown: changing ownership of 'public/build/assets/OnlinePharmacyVendorPaymentCreate-B9aGT7RQ.js': Operation not permitted
chown: changing ownership of 'public/build/assets/app-CbUvN4JX.css': Operation not permitted
chown: changing ownership of 'public/build/assets/PurchaseCard-p3saHPe0.js': Operation not permitted
chown: changing ownership of 'public/build/assets/DocumentTextIcon-vvjceRyV.js': Operation not permitted
chown: changing ownership of 'public/build/assets/PlusIcon-BmJup15n.js': Operation not permitted
chown: changing ownership of 'public/build/assets/portal-rJ3OunMl.js': Operation not permitted
chown: changing ownership of 'public/build/assets/Role-c9XdK0kx.js': Operation not permitted
chown: changing ownership of 'public/build/assets/CompleteProfile-DfX0dGVe.js': Operation not permitted
chown: changing ownership of 'public/build/assets/ChevronDownIcon-D6vc_An5.js': Operation not permitted
chown: changing ownership of 'public/build/assets/EnvironmentBadge-BMa7ADYJ.js': Operation not permitted
chown: changing ownership of 'public/build/assets/AppointmentHeader-bntrOqJX.js': Operation not permitted
chown: changing ownership of 'public/build/assets/UserIcon-CCpuNY5o.js': Operation not permitted
chown: changing ownership of 'public/build/assets/Assign-Vjs4yznc.js': Operation not permitted
chown: changing ownership of 'public/build/assets/Create-B6mSOyew.js': Operation not permitted
chown: changing ownership of 'public/build/assets/LaboratoryBrandSelection-B-gKZXU7.js': Operation not permitted
chown: changing ownership of 'public/build/assets/CreditCardIcon-Dfp-xnit.js': Operation not permitted
chown: changing ownership of 'public/build/assets/BuildingStorefrontIcon-BLVMxbaG.js': Operation not permitted
chown: changing ownership of 'public/build/assets/XMarkIcon-BMJ-EkFl.js': Operation not permitted
chown: changing ownership of 'public/build/assets/PaymentMethodDeleteConfirmation-DopmO1z7.js': Operation not permitted
chown: changing ownership of 'public/build/assets/Account-CwGUjMIu.js': Operation not permitted
chown: changing ownership of 'public/build/assets/ClockIcon-BotepzSY.js': Operation not permitted
chown: changing ownership of 'public/build/assets/Logs-DruDkqXA.js': Operation not permitted
chown: changing ownership of 'public/build/assets/VendorPaymentShow-DX8d46fN.js': Operation not permitted
chown: changing ownership of 'public/build/assets/transition-BHcliTWH.js': Operation not permitted
chown: changing ownership of 'public/build/assets/Index-gZLond4l.js': Operation not permitted
chown: changing ownership of 'public/build/assets/TrashIcon-WIBoqhYx.js': Operation not permitted
chown: changing ownership of 'public/build/assets/CheckIcon-BsvUxyll.js': Operation not permitted
chown: changing ownership of 'public/build/assets/DocumentationAccept-CvNYMGsc.js': Operation not permitted
chown: changing ownership of 'public/build/assets/EnvelopeIcon-C_IwtCLz.js': Operation not permitted
chown: changing ownership of 'public/build/assets/OnlinePharmacyCheckout-COnyvw2W.js': Operation not permitted
chown: changing ownership of 'public/build/assets/avatar-B2ynO8oP.js': Operation not permitted
chown: changing ownership of 'public/build/assets/QrCodeIcon-DNzJxGIN.js': Operation not permitted
chown: changing ownership of 'public/build/assets/SubscribeModal-BhL-O1ze.js': Operation not permitted
chown: changing ownership of 'public/build/assets/LaboratoryPurchasesChart-CoV74YDX.js': Operation not permitted
chown: changing ownership of 'public/build/assets/bugs-934rmVRG.js': Operation not permitted
chown: changing ownership of 'public/build/assets/EmptyListCard-Bkfi-8Lf.js': Operation not permitted
chown: changing ownership of 'public/build/assets/AppointmentSidebar-TVo-R2y9.js': Operation not permitted
chown: changing ownership of 'public/build/assets/dialog-CGP_ex5e.js': Operation not permitted
chown: changing ownership of 'public/build/assets/XMarkIcon-B4OPy96H.js': Operation not permitted
chown: changing ownership of 'public/build/assets/SearchResultsWithFilters-BCp5fW5Q.js': Operation not permitted
chown: changing ownership of 'public/build/assets/description-D6hfMgeZ.js': Operation not permitted
chown: changing ownership of 'public/build/assets/Index-DE1zqNHs.js': Operation not permitted
chown: changing ownership of 'public/build/assets/Users-Bz_lh6v3.js': Operation not permitted
chown: changing ownership of 'public/build/assets/ChatBubbleLeftRightIcon-CgumsW2X.js': Operation not permitted
chown: changing ownership of 'public/build/assets/MedicalAttentionSubscriptionTableRow-CCU0a4LI.js': Operation not permitted
chown: changing ownership of 'public/build/assets/FamilyAccountForm-D0plHL8S.js': Operation not permitted
chown: changing ownership of 'public/build/assets/ArrowRightIcon-BPqXvWjN.js': Operation not permitted
chown: changing ownership of 'public/build/assets/useDeleteOnlinePharmacyCartItem-CE5AYLVM.js': Operation not permitted
chown: changing ownership of 'public/build/assets/SubscriptionHero-0LAoJlKu.js': Operation not permitted
chown: changing ownership of 'public/build/assets/ArrowPathIcon-Duky6lw6.js': Operation not permitted
chown: changing ownership of 'public/build/assets/Edit-eB_EkuIx.js': Operation not permitted
chown: changing ownership of 'public/build/assets/EnvelopeOpenIcon-DT8wGNeO.js': Operation not permitted
chown: changing ownership of 'public/build/assets/TaxProfiles-5wN6CZqC.js': Operation not permitted
chown: changing ownership of 'public/build/assets/modal-Bo4IWIj9.js': Operation not permitted
chown: changing ownership of 'public/build/assets/ShoppingCartLayout-DaOA_rIY.js': Operation not permitted
chown: changing ownership of 'public/build/assets/FamedicLayout-CIRt0X-K.js': Operation not permitted
chown: changing ownership of 'public/build/assets/LaboratoryTests-D4HCrqfX.js': Operation not permitted
chown: changing ownership of 'public/build/assets/app-BPX1_P8G.js': Operation not permitted
chown: changing ownership of 'public/build/assets/UsersIcon-D3ugZB__.js': Operation not permitted
chown: changing ownership of 'public/build/assets/ResultsAndExport-BXkeeRcP.js': Operation not permitted
chown: changing ownership of 'public/build/assets/HelpBubble-CiMCQTCA.js': Operation not permitted
chown: changing ownership of 'public/build/assets/ChevronDownIcon-CvkVU8e4.js': Operation not permitted
chown: changing ownership of 'public/build/assets/TagIcon-DjWmvSii.js': Operation not permitted
chown: changing ownership of 'public/build/assets/DocumentTextIcon-JfdVIPin.js': Operation not permitted
chown: changing ownership of 'public/build/assets/FunnelIcon-ChVfZHB5.js': Operation not permitted
chown: changing ownership of 'public/build/assets/PurchaseStatusCard-C8CI3skK.js': Operation not permitted
chown: changing ownership of 'public/build/assets/MedicalAttentionSubscription-B-yOv1rV.js': Operation not permitted
chown: changing ownership of 'public/build/assets/QrCodeIcon-B2jc2K6Q.js': Operation not permitted
chown: changing ownership of 'public/build/assets/XCircleIcon-UbFW4YL2.js': Operation not permitted
chown: changing ownership of 'public/build/assets/OdessaLinkAuthSelection-x7MLsgYT.js': Operation not permitted
chown: changing ownership of 'public/build/assets/ProductCard-CkoHcE3o.js': Operation not permitted
chown: changing ownership of 'public/build/assets/BuildingLibraryIcon-Cpnl81A6.js': Operation not permitted
chown: changing ownership of 'public/build/assets/DevAssistanceDropdown-1YHaWTqi.js': Operation not permitted
chown: changing ownership of 'public/build/assets/SettingsLayout-B0GM0ieu.js': Operation not permitted
chown: changing ownership of 'public/build/assets/link-BvWtcGir.js': Operation not permitted
chown: changing ownership of 'public/build/assets/ClockIcon-CtFbt-md.js': Operation not permitted
chown: changing ownership of 'public/build/assets/LaboratoryCheckout-CMXMLnxp.js': Operation not permitted
chown: changing ownership of 'public/build/assets/ShoppingBagIcon-FzXy3jVO.js': Operation not permitted
chown: changing ownership of 'public/build/assets/LaboratoryAppointment-Ch8PMDM6.js': Operation not permitted
chown: changing ownership of 'public/build/assets/CalendarDaysIcon-DYGTtG7q.js': Operation not permitted
chown: changing ownership of 'public/build/assets/labResultsOtp-cNzIX2Sd.js': Operation not permitted
chown: changing ownership of 'public/build/assets/TermsOfService-0bTPNGds.js': Operation not permitted
chown: changing ownership of 'public/build/assets/Otp-nVO6WzlU.js': Operation not permitted
chown: changing ownership of 'public/build/assets/listbox-CQyPe_aC.js': Operation not permitted
chown: changing ownership of 'public/build/assets/OnlinePharmacyPurchases-7rzBkOJG.js': Operation not permitted
chown: changing ownership of 'public/build/assets/PaymentMethodStep-qCs6DgiF.js': Operation not permitted
chown: changing ownership of 'public/build/assets/EyeIcon-BM8na1rq.js': Operation not permitted
chown: changing ownership of 'public/build/assets/Customers-CxAtO8Eb.js': Operation not permitted
chown: changing ownership of 'public/build/assets/use-text-value-ntIyCyYT.js': Operation not permitted
chown: changing ownership of 'public/build/assets/checkbox-BRnKj5n9.js': Operation not permitted
chown: changing ownership of 'public/build/assets/ShoppingCartIcon-XBhuQSR6.js': Operation not permitted
chown: changing ownership of 'public/build/assets/CalendarDaysIcon-BBFkh4nH.js': Operation not permitted
chown: changing ownership of 'public/build/assets/EnvelopeIcon-Du4YdMP8.js': Operation not permitted
chown: changing ownership of 'public/build/assets/ArrowsUpDownIcon-DgTmBOX8.js': Operation not permitted
chown: changing ownership of 'public/build/assets/CustomerReferrals-JFLwnSEV.js': Operation not permitted
chown: changing ownership of 'public/build/assets/BasicInfoForm-CLzwkfGY.js': Operation not permitted
chown: changing ownership of 'public/build/assets/InformationCircleIcon-Ck6TojmS.js': Operation not permitted
chown: changing ownership of 'public/build/assets/syntax-CoSgUzr2.js': Operation not permitted
chown: changing ownership of 'public/build/assets/OdessaLinkingMessage-f12Q_HXI.js': Operation not permitted
chown: changing ownership of 'public/build/assets/AddressDeleteConfirmation-DQbyC-Ey.js': Operation not permitted
chown: changing ownership of 'public/build/assets/Metadata-MKDL5_Oo.js': Operation not permitted
chown: changing ownership of 'public/build/assets/AdministratorForm-CzfdbxCx.js': Operation not permitted
chown: changing ownership of 'public/build/assets/MedicalAttentionBadge-BRzw7Hq5.js': Operation not permitted
chown: changing ownership of 'public/build/assets/select-kjOt5U9E.js': Operation not permitted
chown: changing ownership of 'public/build/assets/BeakerIcon-Cic_RUMD.js': Operation not permitted
chown: changing ownership of 'public/build/assets/ArrowTopRightOnSquareIcon-k3rX3hN5.js': Operation not permitted
chown: changing ownership of 'public/build/assets/LaboratoryStores-CwUha9_J.js': Operation not permitted
chown: changing ownership of 'public/build/assets/CommandLineIcon-CMLd70Dt.js': Operation not permitted
chown: changing ownership of 'public/build/assets/UserIcon-D-LpnfwK.js': Operation not permitted
chown: changing ownership of 'public/build/assets/CreditCardBrand-B2bb6E54.js': Operation not permitted
chown: changing ownership of 'public/build/assets/heading-CiM_mfhR.js': Operation not permitted
chown: changing ownership of 'public/build/assets/LaboratoryTestForm-DJMKW_be.js': Operation not permitted
chown: changing ownership of 'public/build/assets/VendorPaymentEdit-B9L5wLEI.js': Operation not permitted
chown: changing ownership of 'public/build/assets/MurguiaMonitorShow-ZpMgPIlc.js': Operation not permitted
chown: changing ownership of 'public/build/assets/Index-B3lvrw9Y.js': Operation not permitted
chown: changing ownership of 'public/build/assets/floating-ui.react-dom-BD0JH3sS.js': Operation not permitted
chown: changing ownership of 'public/build/assets/LaboratoryQuoteSuccess-j0TKDMrb.js': Operation not permitted
chown: changing ownership of 'public/build/assets/TaxProfilesInfoPanel-CTosTTn1.js': Operation not permitted
chown: changing ownership of 'public/build/assets/EfevooTokens-D9e4xMps.js': Operation not permitted
chown: changing ownership of 'public/build/assets/UserCircleIcon-uNGL8XhN.js': Operation not permitted
chown: changing ownership of 'public/build/assets/DocumentationForm-C9_69mX1.js': Operation not permitted
chown: changing ownership of 'public/build/assets/RoleDeleteForm-4gpIMnvx.js': Operation not permitted
chown: changing ownership of 'public/build/assets/react-flag-CCXd7oMy.js': Operation not permitted
chown: changing ownership of 'public/build/assets/CalendarDateRangeIcon-C-pv-WT4.js': Operation not permitted
chown: changing ownership of 'public/build/assets/Emails-BDgvsXOB.js': Operation not permitted
chown: changing ownership of 'public/build/assets/LaboratoryAppointmentCreation-C-EVrsyo.js': Operation not permitted
chown: changing ownership of 'public/build/assets/tabs-DVqqd1CV.js': Operation not permitted
chown: changing ownership of 'public/build/assets/GiftIcon-CosK_jeV.js': Operation not permitted
chown: changing ownership of 'public/build/assets/use-default-value-Dc4JZ3nD.js': Operation not permitted
chown: changing ownership of 'public/build/assets/Settings-2u9swY_N.js': Operation not permitted
chown: changing ownership of 'public/build/assets/ConfirmPhoneVerification-ClUjO87P.js': Operation not permitted
chown: changing ownership of 'public/build/assets/EfevooToken-BM_L0A7m.js': Operation not permitted
chown: changing ownership of 'public/build/assets/OnlinePharmacyPurchase-BRXycSeE.js': Operation not permitted
chown: changing ownership of 'public/build/assets/FamilyAccountDeleteConfirmation-_3kv9jI1.js': Operation not permitted
chown: changing ownership of 'public/build/assets/LaboratoryResultsList-1cQbvUoM.js': Operation not permitted
chown: changing ownership of 'public/build/assets/LockClosedIcon-9fqC0ap5.js': Operation not permitted
chown: changing ownership of 'public/build/assets/CheckCircleIcon-C-GSusVL.js': Operation not permitted
chown: changing ownership of 'public/build/assets/dialog-_B0hhKcr.js': Operation not permitted
chown: changing ownership of 'public/build/assets/Roles-BX_J3vhk.js': Operation not permitted
chown: changing ownership of 'public/build/assets/PaymentDetails-CFFTfyh9.js': Operation not permitted
chown: changing ownership of 'public/build/assets/EyeIcon-DKWgaT_M.js': Operation not permitted
chown: changing ownership of 'public/build/assets/ExclamationTriangleIcon-BBk2uecT.js': Operation not permitted
chown: changing ownership of 'public/build/assets/LaboratoryAppointmentMetrics-Cn7srLGd.js': Operation not permitted
chown: changing ownership of 'public/build/assets/LineChart-BxHXQaH7.js': Operation not permitted
chown: changing ownership of 'public/build/assets/button-emz-ymQ9.js': Operation not permitted
chown: changing ownership of 'public/build/assets/LaboratoryPurchases-DAv1e80c.js': Operation not permitted
chown: changing ownership of 'public/build/assets/ArchiveBoxIcon-CEqGylFF.js': Operation not permitted
chown: changing ownership of 'public/build/assets/TaxProfileDeleteConfirmation-Cag805b2.js': Operation not permitted
chown: changing ownership of 'public/build/assets/Administrator-CitHfd5h.js': Operation not permitted
chown: changing ownership of 'public/build/assets/description-list-DA4ScnmC.js': Operation not permitted
chown: changing ownership of 'public/build/assets/dropdown-1F97xsK4.js': Operation not permitted
chown: changing ownership of 'public/build/assets/StarIcon-CgZgIC9V.js': Operation not permitted
chown: changing ownership of 'public/build/assets/LaboratoryTestEdit-CxWhdfMs.js': Operation not permitted
chown: changing ownership of 'public/build/assets/VerifyEmail-DWhBYj5v.js': Operation not permitted
chown: changing ownership of 'public/build/assets/ResetPassword-Dc8HnK8N.js': Operation not permitted
chown: changing ownership of 'public/build/assets/FeaturesGrid-CXhe-yxd.js': Operation not permitted
chown: changing ownership of 'public/build/assets/ConfirmPassword-_yqsTfe-.js': Operation not permitted
chown: changing ownership of 'public/build/assets/PencilIcon-CwWAREqG.js': Operation not permitted
chown: changing ownership of 'public/build/assets/Documentation-U4HT4nZh.js': Operation not permitted
chown: changing ownership of 'public/build/assets/PlusIcon-0zkCKo2o.js': Operation not permitted
chown: changing ownership of 'public/build/assets/UpdatePasswordForm-C2RKdkSO.js': Operation not permitted
chown: changing ownership of 'public/build/assets/CustomerAccountBadges-CzJd5kZJ.js': Operation not permitted
chown: changing ownership of 'public/build/assets/hidden-Db2_CUwm.js': Operation not permitted
chown: changing ownership of 'public/build/assets/CheckCircleIcon-BBxs-SuW.js': Operation not permitted
chown: changing ownership of 'public/build/assets/ArrowDownTrayIcon-5J70IGji.js': Operation not permitted
chown: changing ownership of 'public/build/assets/LaboratoryBrandCard-ByykJ48p.js': Operation not permitted
chown: changing ownership of 'public/build/assets/PresentationChartLineIcon-BilATfBQ.js': Operation not permitted
chown: changing ownership of 'public/build/assets/Create-CsOK5eJp.js': Operation not permitted
chown: changing ownership of 'public/build/assets/PhoneIcon-CiaAeYeE.js': Operation not permitted
chown: changing ownership of 'public/build/assets/OdessaUpgradeConfirm-C6_kx5Nl.js': Operation not permitted
chown: changing ownership of 'public/build/assets/ProductsGrid-DBiwKfLx.js': Operation not permitted
=== NPM BUILD ===

> build
> vite build && vite build --ssr

NODE_ENV=local is not supported in the .env file. Only NODE_ENV=development is supported to create a development build of your project. If you need to set process.env.NODE_ENV, you can set it in the Vite config instead.
vite v5.4.19 building for production...
transforming...
Browserslist: browsers data (caniuse-lite) is 13 months old. Please run:
  npx update-browserslist-db@latest
  Why you should do it regularly: https://github.com/browserslist/update-db#readme
✓ 4401 modules transformed.
rendering chunks...
computing gzip size...
public/build/manifest.json                                               311.87 kB │ gzip:  22.19 kB
public/build/assets/DocumentationForm-D8fCY6O7.css                        47.60 kB │ gzip:   9.61 kB
public/build/assets/app-Bf-FS41G.css                                     266.79 kB │ gzip:  40.33 kB
public/build/assets/laboratoryPurchaseQueryParams-DJPlEXIY.js              0.11 kB │ gzip:   0.11 kB
public/build/assets/OdessaLogo-BYXBK5p-.js                                 0.15 kB │ gzip:   0.15 kB
public/build/assets/LineChart-BzQwgOSo.js                                  0.25 kB │ gzip:   0.20 kB
public/build/assets/FilterCountBadge-B9MQit84.js                           0.25 kB │ gzip:   0.21 kB
public/build/assets/ForgotPasswordLink-BR8soyHc.js                         0.28 kB │ gzip:   0.23 kB
public/build/assets/keyboard-C1Wiwm26.js                                   0.29 kB │ gzip:   0.18 kB
public/build/assets/LaboratoryBrandCard-bUc-zwmK.js                        0.30 kB │ gzip:   0.23 kB
public/build/assets/use-resolve-button-type-DlU54GI-.js                    0.30 kB │ gzip:   0.24 kB
public/build/assets/UpdateButton-DuvZQ2ay.js                               0.31 kB │ gzip:   0.24 kB
public/build/assets/laboratoryBrand-CHUW79NS.js                            0.31 kB │ gzip:   0.23 kB
public/build/assets/ListboxFilter-CEq_b7wl.js                              0.32 kB │ gzip:   0.22 kB
public/build/assets/OdessaBadge-DosSYm4j.js                                0.33 kB │ gzip:   0.25 kB
public/build/assets/MedicalAttentionBadge-Bl4zW0Z0.js                      0.35 kB │ gzip:   0.25 kB
public/build/assets/useDeleteLaboratoryCartItem-BdhMSsiq.js                0.36 kB │ gzip:   0.24 kB
public/build/assets/bugs-BfPZs2IS.js                                       0.36 kB │ gzip:   0.25 kB
public/build/assets/FooterCopyrights-BRodQIKw.js                           0.36 kB │ gzip:   0.25 kB
public/build/assets/clsx-B-dksMZM.js                                       0.37 kB │ gzip:   0.24 kB
public/build/assets/SearchInput-DsA1N2fo.js                                0.37 kB │ gzip:   0.28 kB
public/build/assets/react-flag-C2UjLsdo.js                                 0.38 kB │ gzip:   0.28 kB
public/build/assets/use-sync-refs-BUq2a6wO.js                              0.38 kB │ gzip:   0.28 kB
public/build/assets/SettingsCard-Dini4Njm.js                               0.39 kB │ gzip:   0.26 kB
public/build/assets/ResultsAndExport-dGyPvH2f.js                           0.40 kB │ gzip:   0.25 kB
public/build/assets/StatusBadge-EMAQingm.js                                0.43 kB │ gzip:   0.29 kB
public/build/assets/DateFilter-aCHRqu3h.js                                 0.44 kB │ gzip:   0.29 kB
public/build/assets/SearchResultsWithFilters-DOwgxiha.js                   0.45 kB │ gzip:   0.30 kB
public/build/assets/SearchResultsMessage-COAxTo4m.js                       0.46 kB │ gzip:   0.29 kB
public/build/assets/CheckIcon-xBekIx0H.js                                  0.48 kB │ gzip:   0.35 kB
public/build/assets/PhoneButton-B_Tafl3r.js                                0.48 kB │ gzip:   0.33 kB
public/build/assets/ArrowLeftIcon-DwaQnHcB.js                              0.49 kB │ gzip:   0.36 kB
public/build/assets/PlusIcon-DH_8RKjN.js                                   0.50 kB │ gzip:   0.34 kB
public/build/assets/ClockIcon-CY5N5TtQ.js                                  0.50 kB │ gzip:   0.37 kB
public/build/assets/EllipsisHorizontalIcon-DOSkGWZ4.js                     0.51 kB │ gzip:   0.34 kB
public/build/assets/UserIcon-CU64a5Dp.js                                   0.51 kB │ gzip:   0.38 kB
public/build/assets/CheckCircleIcon-DE2LAEo2.js                            0.52 kB │ gzip:   0.37 kB
public/build/assets/ApplicationLogo-CjEhNBHr.js                            0.53 kB │ gzip:   0.27 kB
public/build/assets/MagnifyingGlassIcon-DXhgNDn2.js                        0.53 kB │ gzip:   0.37 kB
public/build/assets/EnvironmentBadge-BkhCXc0Q.js                           0.53 kB │ gzip:   0.38 kB
public/build/assets/ClockIcon-CBIXpd8A.js                                  0.54 kB │ gzip:   0.38 kB
public/build/assets/MagnifyingGlassIcon-DMs3M-hG.js                        0.54 kB │ gzip:   0.38 kB
public/build/assets/useDeleteOnlinePharmacyCartItem-Dn4vmJBk.js            0.54 kB │ gzip:   0.30 kB
public/build/assets/PaginatedTable-CQoZsrOl.js                             0.55 kB │ gzip:   0.36 kB
public/build/assets/ChevronDownIcon-DkoVE11-.js                            0.55 kB │ gzip:   0.38 kB
public/build/assets/ChevronDownIcon-ByvvWnM2.js                            0.55 kB │ gzip:   0.38 kB
public/build/assets/XMarkIcon-UbkNF8xh.js                                  0.55 kB │ gzip:   0.37 kB
public/build/assets/XMarkIcon-BLOTIahZ.js                                  0.56 kB │ gzip:   0.37 kB
public/build/assets/ArrowDownTrayIcon-DuIRcViu.js                          0.56 kB │ gzip:   0.39 kB
public/build/assets/CheckIcon-qBQ36D7s.js                                  0.56 kB │ gzip:   0.39 kB
public/build/assets/CheckIcon-DAIohFDU.js                                  0.56 kB │ gzip:   0.39 kB
public/build/assets/PlusIcon-D2EPDY8r.js                                   0.56 kB │ gzip:   0.37 kB
public/build/assets/CheckIcon-By9W0CD9.js                                  0.56 kB │ gzip:   0.39 kB
public/build/assets/InformationCircleIcon-2GnQkPVk.js                      0.57 kB │ gzip:   0.39 kB
public/build/assets/NoSymbolIcon-CHd8gIeI.js                               0.57 kB │ gzip:   0.39 kB
public/build/assets/ArrowLeftIcon-NAtFJAsL.js                              0.57 kB │ gzip:   0.38 kB
public/build/assets/PlusCircleIcon-B8Eg1-Xr.js                             0.58 kB │ gzip:   0.38 kB
public/build/assets/CheckCircleIcon-Pq1WkdPN.js                            0.58 kB │ gzip:   0.41 kB
public/build/assets/PencilIcon-pVkFQiX4.js                                 0.58 kB │ gzip:   0.40 kB
public/build/assets/ArrowRightIcon-DEQz1V2p.js                             0.58 kB │ gzip:   0.39 kB
public/build/assets/UserCircleIcon-BbWlX0fR.js                             0.60 kB │ gzip:   0.41 kB
public/build/assets/hidden-D7cdOvXI.js                                     0.60 kB │ gzip:   0.42 kB
public/build/assets/LockClosedIcon-DtvHIzPc.js                             0.60 kB │ gzip:   0.40 kB
public/build/assets/ClockIcon-D68mTZdX.js                                  0.60 kB │ gzip:   0.41 kB
public/build/assets/UserIcon-B7g-kd_H.js                                   0.61 kB │ gzip:   0.42 kB
public/build/assets/Card-CkbmuLbC.js                                       0.61 kB │ gzip:   0.35 kB
public/build/assets/InformationCircleIcon-B-ef93pm.js                      0.61 kB │ gzip:   0.43 kB
public/build/assets/TagIcon-DnjDNADw.js                                    0.61 kB │ gzip:   0.40 kB
public/build/assets/BuildingLibraryIcon-D-UeMOnj.js                        0.61 kB │ gzip:   0.43 kB
public/build/assets/CalendarIcon-DtEvsRIh.js                               0.62 kB │ gzip:   0.40 kB
public/build/assets/PencilIcon-CeschlIV.js                                 0.62 kB │ gzip:   0.43 kB
public/build/assets/ExclamationTriangleIcon-PJ_xYIUA.js                    0.62 kB │ gzip:   0.42 kB
public/build/assets/ArrowPathIcon-BVWx_D0m.js                              0.62 kB │ gzip:   0.42 kB
public/build/assets/LockClosedIcon-U438Ukt3.js                             0.63 kB │ gzip:   0.41 kB
public/build/assets/ExclamationTriangleIcon-Brx0ZUDC.js                    0.63 kB │ gzip:   0.45 kB
public/build/assets/CreditCardIcon-CdvZj--r.js                             0.63 kB │ gzip:   0.41 kB
public/build/assets/EyeIcon-Cb5xi84t.js                                    0.63 kB │ gzip:   0.41 kB
public/build/assets/ArchiveBoxIcon-HLrsrtAe.js                             0.64 kB │ gzip:   0.41 kB
public/build/assets/XCircleIcon-BcA5hSKF.js                                0.64 kB │ gzip:   0.42 kB
public/build/assets/CheckCircleIcon-h783CCYr.js                            0.64 kB │ gzip:   0.43 kB
public/build/assets/ShieldCheckIcon-CDrYDsJT.js                            0.66 kB │ gzip:   0.47 kB
public/build/assets/InformationCircleIcon-CeYH-tsR.js                      0.67 kB │ gzip:   0.43 kB
public/build/assets/tabs-5ndylZM8.js                                       0.67 kB │ gzip:   0.31 kB
public/build/assets/CommandLineIcon-KhuEpGJj.js                            0.67 kB │ gzip:   0.42 kB
public/build/assets/EnvelopeIcon-Dmmazhnw.js                               0.67 kB │ gzip:   0.44 kB
public/build/assets/PresentationChartLineIcon-3MhGF3i1.js                  0.69 kB │ gzip:   0.45 kB
public/build/assets/SubscriptionDetails-B78Syj0o.js                        0.69 kB │ gzip:   0.45 kB
public/build/assets/PhoneIcon-CASOQYBD.js                                  0.70 kB │ gzip:   0.46 kB
public/build/assets/CreditCardIcon-D3almfBX.js                             0.70 kB │ gzip:   0.42 kB
public/build/assets/DocumentTextIcon-CMwbRB_4.js                           0.70 kB │ gzip:   0.43 kB
public/build/assets/StarIcon-B_5D17DT.js                                   0.70 kB │ gzip:   0.49 kB
public/build/assets/EnvelopeIcon-GUuxfP3r.js                               0.71 kB │ gzip:   0.43 kB
public/build/assets/EnvelopeOpenIcon-BXr6jXNP.js                           0.72 kB │ gzip:   0.46 kB
public/build/assets/DevicePhoneMobileIcon-CnB1wgya.js                      0.72 kB │ gzip:   0.43 kB
public/build/assets/ShoppingCartIcon-OCCYYD3W.js                           0.72 kB │ gzip:   0.46 kB
public/build/assets/ArrowDownTrayIcon-R8eK74uN.js                          0.73 kB │ gzip:   0.43 kB
public/build/assets/description-list-DamzkMti.js                           0.73 kB │ gzip:   0.36 kB
public/build/assets/DocumentTextIcon-BRxfA6vd.js                           0.74 kB │ gzip:   0.47 kB
public/build/assets/CustomerInfo-cbWVSQ2U.js                               0.74 kB │ gzip:   0.38 kB
public/build/assets/ArrowsUpDownIcon-ByT5r-o7.js                           0.74 kB │ gzip:   0.43 kB
public/build/assets/ChatBubbleLeftRightIcon-DMBrxPqy.js                    0.74 kB │ gzip:   0.48 kB
public/build/assets/BellAlertIcon-BTCx2ktE.js                              0.74 kB │ gzip:   0.48 kB
public/build/assets/MapPinIcon-u0QekKlH.js                                 0.75 kB │ gzip:   0.48 kB
public/build/assets/PhoneIcon-DvVi063t.js                                  0.75 kB │ gzip:   0.50 kB
public/build/assets/use-default-value-CE17Ba6-.js                          0.75 kB │ gzip:   0.38 kB
public/build/assets/FunnelIcon-DK2A2S7p.js                                 0.75 kB │ gzip:   0.49 kB
public/build/assets/ShoppingBagIcon-BWldau0h.js                            0.76 kB │ gzip:   0.48 kB
public/build/assets/button-FW7S3nJM.js                                     0.76 kB │ gzip:   0.47 kB
public/build/assets/ArrowTopRightOnSquareIcon-DwGbcpK3.js                  0.77 kB │ gzip:   0.45 kB
public/build/assets/PhotoIcon-BVjNE0Sg.js                                  0.78 kB │ gzip:   0.47 kB
public/build/assets/PhoneIcon-CwJRLtSU.js                                  0.79 kB │ gzip:   0.50 kB
public/build/assets/PhoneIcon-CZttCYCV.js                                  0.81 kB │ gzip:   0.53 kB
public/build/assets/BarsArrowDownIcon-Cg92anvC.js                          0.81 kB │ gzip:   0.45 kB
public/build/assets/PencilSquareIcon-BoAbmKTy.js                           0.81 kB │ gzip:   0.48 kB
public/build/assets/ArrowPathIcon-3y01YjT5.js                              0.81 kB │ gzip:   0.49 kB
public/build/assets/ContactInfoCard-D6WjLJBV.js                            0.82 kB │ gzip:   0.41 kB
public/build/assets/ArrowPathIcon-Cntm_IIk.js                              0.82 kB │ gzip:   0.49 kB
public/build/assets/GiftIcon-CCnt3Qxh.js                                   0.82 kB │ gzip:   0.49 kB
public/build/assets/EnvelopeOpenIcon-CbsUZtEb.js                           0.82 kB │ gzip:   0.48 kB
public/build/assets/UserGroupIcon-BoWpJT0I.js                              0.84 kB │ gzip:   0.54 kB
public/build/assets/CalendarDateRangeIcon-B5uZ-sLe.js                      0.85 kB │ gzip:   0.48 kB
public/build/assets/ArrowRightStartOnRectangleIcon-Bw1kLGEt.js             0.85 kB │ gzip:   0.48 kB
public/build/assets/TrashIcon-HBK0HxyM.js                                  0.87 kB │ gzip:   0.55 kB
public/build/assets/PatientInfoCard-IWKwljyZ.js                            0.87 kB │ gzip:   0.43 kB
public/build/assets/BeakerIcon-stvnAu1j.js                                 0.89 kB │ gzip:   0.56 kB
public/build/assets/BuildingStorefrontIcon-Vq0shCoa.js                     0.89 kB │ gzip:   0.53 kB
public/build/assets/CalendarDaysIcon-C7GPBfmD.js                           0.90 kB │ gzip:   0.48 kB
public/build/assets/DocumentTextIcon-BjCBnNcv.js                           0.93 kB │ gzip:   0.53 kB
public/build/assets/OdessaLinkingMessage-v4DL6l3i.js                       0.93 kB │ gzip:   0.50 kB
public/build/assets/LaboratoryAppointmentEmailActions-CO_C64_5.js          0.94 kB │ gzip:   0.52 kB
public/build/assets/ChatBubbleLeftRightIcon-mFSimqJq.js                    0.97 kB │ gzip:   0.62 kB
public/build/assets/ContactDeleteConfirmation-CcoALcT2.js                  0.98 kB │ gzip:   0.60 kB
public/build/assets/FamilyAccountDeleteConfirmation-CjMAFdqS.js            0.98 kB │ gzip:   0.60 kB
public/build/assets/RoleDeleteForm-C7K6Ajed.js                             0.98 kB │ gzip:   0.58 kB
public/build/assets/BuildingStorefrontIcon-BEG48H0P.js                     0.98 kB │ gzip:   0.57 kB
public/build/assets/TaxProfileDeleteConfirmation-B85Da20q.js               0.99 kB │ gzip:   0.61 kB
public/build/assets/AddressDeleteConfirmation-C66oPy9v.js                  1.00 kB │ gzip:   0.61 kB
public/build/assets/ClipboardDocumentCheckIcon-BVHsLefH.js                 1.00 kB │ gzip:   0.60 kB
public/build/assets/CalendarDaysIcon-DHlDrBuN.js                           1.01 kB │ gzip:   0.51 kB
public/build/assets/heading-C7GeorOZ.js                                    1.05 kB │ gzip:   0.50 kB
public/build/assets/PaymentMethodDeleteConfirmation-C0mCSWxA.js            1.12 kB │ gzip:   0.69 kB
public/build/assets/text-DH78SelV.js                                       1.13 kB │ gzip:   0.41 kB
public/build/assets/BuildingStorefrontIcon-CoPTTLgZ.js                     1.13 kB │ gzip:   0.60 kB
public/build/assets/EmptyListCard-DgUKD4Ts.js                              1.18 kB │ gzip:   0.69 kB
public/build/assets/CreditCardBrand-DXsDBST1.js                            1.20 kB │ gzip:   0.49 kB
public/build/assets/QrCodeIcon-BjcrZgnl.js                                 1.21 kB │ gzip:   0.49 kB
public/build/assets/AppointmentSummary-DgItSLQ9.js                         1.21 kB │ gzip:   0.56 kB
public/build/assets/XMarkIcon-CEoXBylY.js                                  1.23 kB │ gzip:   0.53 kB
public/build/assets/UserCircleIcon-CHhGPARI.js                             1.25 kB │ gzip:   0.51 kB
public/build/assets/couponEligibilityUi-CZjZRohN.js                        1.27 kB │ gzip:   0.62 kB
public/build/assets/CalendarDaysIcon-COEqrQ-H.js                           1.31 kB │ gzip:   0.52 kB
public/build/assets/EfevooPayLogo-BXTk6wYu.js                              1.35 kB │ gzip:   0.71 kB
public/build/assets/FocusedLayout-36JrG5RU.js                              1.43 kB │ gzip:   0.70 kB
public/build/assets/OdessaLinkAuthSelection-BSnRrLRZ.js                    1.43 kB │ gzip:   0.74 kB
public/build/assets/QrCodeIcon-DIkNi4cI.js                                 1.46 kB │ gzip:   0.58 kB
public/build/assets/RoleCreation-BmibgddQ.js                               1.53 kB │ gzip:   0.78 kB
public/build/assets/ShoppingCartBanner-DszVGRNN.js                         1.54 kB │ gzip:   0.85 kB
public/build/assets/modal-DeEinNll.js                                      1.54 kB │ gzip:   0.65 kB
public/build/assets/VerifyEmail-DNme1bTN.js                                1.55 kB │ gzip:   0.82 kB
public/build/assets/EyeIcon-C4zr5RXt.js                                    1.56 kB │ gzip:   0.67 kB
public/build/assets/avatar-CEg85LXw.js                                     1.60 kB │ gzip:   0.74 kB
public/build/assets/AdministratorCreation-Bhq6vH4j.js                      1.60 kB │ gzip:   0.80 kB
public/build/assets/DeleteConfirmationModal-_-V2KwzA.js                    1.62 kB │ gzip:   0.92 kB
public/build/assets/DocumentationAccept-BBpCzk9Y.js                        1.67 kB │ gzip:   0.85 kB
public/build/assets/ForgotPassword-C_uFkC8g.js                             1.72 kB │ gzip:   0.93 kB
public/build/assets/OdessaAutoLogin-kS8hQK3M.js                            1.72 kB │ gzip:   0.93 kB
public/build/assets/LaboratoryTestCreation-Ctzlj5Lx.js                     1.74 kB │ gzip:   0.86 kB
public/build/assets/PurchaseCard-UW7Rlbyk.js                               1.74 kB │ gzip:   0.88 kB
public/build/assets/QrCodeIcon-hb7LLEOz.js                                 1.75 kB │ gzip:   0.63 kB
public/build/assets/VerifyPhone-Cl45kSAV.js                                1.79 kB │ gzip:   0.92 kB
public/build/assets/PaymentMethodBadge-DTrZGcLm.js                         1.82 kB │ gzip:   0.80 kB
public/build/assets/MedicalAttentionSubscriptionTableRow-BE_dKY0Q.js       1.85 kB │ gzip:   0.79 kB
public/build/assets/AppointmentSidebar-Bh8cvNU1.js                         1.86 kB │ gzip:   0.70 kB
public/build/assets/alert-BpNojXMb.js                                      1.86 kB │ gzip:   0.82 kB
public/build/assets/GlobeAmericasIcon-BMyVPTte.js                          1.86 kB │ gzip:   0.84 kB
public/build/assets/Role-B8KGO1o9.js                                       1.88 kB │ gzip:   0.96 kB
public/build/assets/OdessaUpgradeConfirm-DDBn6UMO.js                       1.91 kB │ gzip:   0.99 kB
public/build/assets/LaboratoryTestEdit-CDgrpbKa.js                         1.94 kB │ gzip:   0.98 kB
public/build/assets/dialog-PG1ysU2a.js                                     1.99 kB │ gzip:   0.85 kB
public/build/assets/StateSelect-D0fYt6yu.js                                2.00 kB │ gzip:   1.14 kB
public/build/assets/description-B6YrBbK0.js                                2.05 kB │ gzip:   1.04 kB
public/build/assets/pagination-Cyl1-8d9.js                                 2.06 kB │ gzip:   0.95 kB
public/build/assets/QrCodeIcon-BL4bv4bi.js                                 2.07 kB │ gzip:   0.59 kB
public/build/assets/AppointmentHeader-CS46hDa3.js                          2.15 kB │ gzip:   0.94 kB
public/build/assets/ConfirmPhoneVerification-B5OhNNMS.js                   2.16 kB │ gzip:   1.09 kB
public/build/assets/StudiesTable-BJlfy11X.js                               2.17 kB │ gzip:   0.86 kB
public/build/assets/Home-CA2Xo806.js                                       2.21 kB │ gzip:   1.07 kB
public/build/assets/Admin-D4uxjDeR.js                                      2.22 kB │ gzip:   1.01 kB
public/build/assets/Documentation-Dbb1yR0G.js                              2.28 kB │ gzip:   1.12 kB
public/build/assets/CheckoutProgressTimeline-NJ5Wor1T.js                   2.28 kB │ gzip:   1.01 kB
public/build/assets/ResetPassword-BgAg9yjA.js                              2.31 kB │ gzip:   0.98 kB
public/build/assets/UpdatePasswordForm-BK_a0hQF.js                         2.36 kB │ gzip:   0.95 kB
public/build/assets/label-DGMY3Gq3.js                                      2.40 kB │ gzip:   1.24 kB
public/build/assets/textarea-ZjIdWtfQ.js                                   2.41 kB │ gzip:   1.07 kB
public/build/assets/LaboratoryViewResultsButton-DVZCJATm.js                2.43 kB │ gzip:   1.22 kB
public/build/assets/LaboratoryAppointmentCreation-_9cRtH66.js              2.48 kB │ gzip:   1.20 kB
public/build/assets/PurchasesChart-rPWJoxCD.js                             2.49 kB │ gzip:   1.07 kB
public/build/assets/Administrator-DT-AgW3v.js                              2.55 kB │ gzip:   1.24 kB
public/build/assets/Import-C8IVUvuT.js                                     2.57 kB │ gzip:   1.27 kB
public/build/assets/FeaturesGrid-BSUsDwcq.js                               2.62 kB │ gzip:   1.07 kB
public/build/assets/ExportDialog-DhvkgXhl.js                               2.63 kB │ gzip:   1.30 kB
public/build/assets/SubscribeHero-EPXjllln.js                              2.69 kB │ gzip:   1.29 kB
public/build/assets/SubscribeModal-Cgy2B0sX.js                             2.71 kB │ gzip:   1.31 kB
public/build/assets/LaboratoryVendorPaymentCreate-B4-PmICv.js              2.71 kB │ gzip:   1.25 kB
public/build/assets/OnlinePharmacyVendorPaymentCreate-BpANg9dt.js          2.72 kB │ gzip:   1.25 kB
public/build/assets/table-BoVsJQZ5.js                                      2.74 kB │ gzip:   1.04 kB
public/build/assets/RoleForm-yIh-KubT.js                                   2.75 kB │ gzip:   1.23 kB
public/build/assets/Account-lECZbjcl.js                                    2.79 kB │ gzip:   1.26 kB
public/build/assets/VendorPaymentEdit-Bm_WXNCT.js                          2.82 kB │ gzip:   1.31 kB
public/build/assets/OnlinePharmacyPurchaseTableRow-CjwSy-j5.js             2.85 kB │ gzip:   1.00 kB
public/build/assets/UsersIcon-CIxfRw5c.js                                  2.89 kB │ gzip:   0.92 kB
public/build/assets/BasicInfoForm-DFoKMAsJ.js                              2.93 kB │ gzip:   1.17 kB
public/build/assets/index-BpCJF4-3.js                                      2.96 kB │ gzip:   1.43 kB
public/build/assets/select-CMXt-9Jt.js                                     3.17 kB │ gzip:   1.37 kB
public/build/assets/sidebar-pXn8-_KZ.js                                    3.21 kB │ gzip:   1.16 kB
public/build/assets/MurguiaLogs-mcpo_2A5.js                                3.36 kB │ gzip:   1.46 kB
public/build/assets/Roles-B_CmtC9p.js                                      3.36 kB │ gzip:   1.44 kB
public/build/assets/PatientCallbackInfoCard-nxejRse2.js                    3.40 kB │ gzip:   1.49 kB
public/build/assets/TaxProfiles-DCwqincc.js                                3.41 kB │ gzip:   1.60 kB
public/build/assets/LogsGeneral-NoklkZqQ.js                                3.52 kB │ gzip:   1.61 kB
public/build/assets/Index-2vobS8tf.js                                      3.52 kB │ gzip:   1.58 kB
public/build/assets/MockThreeDS-BttO2o4P.js                                3.54 kB │ gzip:   1.68 kB
public/build/assets/AppLayout-0QpMjyQG.js                                  3.55 kB │ gzip:   1.46 kB
public/build/assets/ConfirmPassword-CuGhoBSj.js                            3.58 kB │ gzip:   1.65 kB
public/build/assets/LaboratoryPurchase-BKRipmv4.js                         3.74 kB │ gzip:   1.71 kB
public/build/assets/input-vKY17kez.js                                      3.80 kB │ gzip:   1.40 kB
public/build/assets/MurguiaUpload-ooVCukWX.js                              3.82 kB │ gzip:   1.73 kB
public/build/assets/Login-BSXOgV0O.js                                      3.85 kB │ gzip:   1.84 kB
public/build/assets/PurchaseStatusCard-pWOPKFyZ.js                         3.93 kB │ gzip:   1.56 kB
public/build/assets/OnlinePharmacyShoppingCart-BspoIwPY.js                 3.95 kB │ gzip:   1.89 kB
public/build/assets/QuickLinks-DkP-2wjq.js                                 3.95 kB │ gzip:   1.51 kB
public/build/assets/LaboratoryTestsGrid-CYAzrrkl.js                        3.96 kB │ gzip:   1.89 kB
public/build/assets/CompleteProfile-B6pJih6K.js                            3.99 kB │ gzip:   1.52 kB
public/build/assets/ProductsGrid-DQCcaj6j.js                               4.02 kB │ gzip:   1.98 kB
public/build/assets/AdministratorForm-CegLcTIM.js                          4.05 kB │ gzip:   1.55 kB
public/build/assets/Addresses-bJkqnV24.js                                  4.05 kB │ gzip:   1.77 kB
public/build/assets/FamilyAccountForm-Cmx2zkQt.js                          4.11 kB │ gzip:   1.57 kB
public/build/assets/CTA-CRcxxHNF.js                                        4.19 kB │ gzip:   1.16 kB
public/build/assets/PaymentDetails-DC5fbAlt.js                             4.20 kB │ gzip:   1.57 kB
public/build/assets/CustomerAccountBadges-D-Xi0XZ9.js                      4.21 kB │ gzip:   1.56 kB
public/build/assets/ContactForm-Cj2PEIr2.js                                4.22 kB │ gzip:   1.63 kB
public/build/assets/AddressForm-xP1sxeyp.js                                4.25 kB │ gzip:   1.60 kB
public/build/assets/Contacts-Ct-Z7i-9.js                                   4.31 kB │ gzip:   1.84 kB
public/build/assets/labResultsOtp-DRH-v6C8.js                              4.36 kB │ gzip:   1.66 kB
public/build/assets/badge-BC_wodHk.js                                      4.38 kB │ gzip:   1.13 kB
public/build/assets/Index-VfpMDSm4.js                                      4.41 kB │ gzip:   1.92 kB
public/build/assets/Family-ebRglD6d.js                                     4.44 kB │ gzip:   1.86 kB
public/build/assets/fieldset-CxMIOBA2.js                                   4.45 kB │ gzip:   1.79 kB
public/build/assets/PaymentAttempt-CAOCvwEk.js                             4.63 kB │ gzip:   1.59 kB
public/build/assets/LaboratoryBrandSelection-CDV70Q_2.js                   4.64 kB │ gzip:   2.10 kB
public/build/assets/OnlinePharmacySearch-B3eqP1tD.js                       4.65 kB │ gzip:   2.08 kB
public/build/assets/LaboratoryStores-CS280wNk.js                           4.66 kB │ gzip:   2.00 kB
public/build/assets/CoverageDetails-CXiwiyr9.js                            4.78 kB │ gzip:   1.21 kB
public/build/assets/Edit-CUikVPJq.js                                       4.79 kB │ gzip:   1.89 kB
public/build/assets/VendorPaymentShow-UVaVSSUX.js                          4.81 kB │ gzip:   2.17 kB
public/build/assets/TaxProfile-BxaJ6le7.js                                 4.93 kB │ gzip:   2.02 kB
public/build/assets/MedicalAttentionSubscription-CYYk-cBr.js               4.94 kB │ gzip:   1.87 kB
public/build/assets/disclosure-DDiKRzaz.js                                 4.97 kB │ gzip:   1.96 kB
public/build/assets/Create-CzyI5E_c.js                                     4.97 kB │ gzip:   2.00 kB
public/build/assets/LaboratoryPurchaseTableRow-BM9w-STB.js                 5.05 kB │ gzip:   1.66 kB
public/build/assets/LaboratoryTest-BJ7nVzZZ.js                             5.06 kB │ gzip:   1.83 kB
public/build/assets/SettingsLayout-D1B6Ac-D.js                             5.14 kB │ gzip:   1.80 kB
public/build/assets/LaboratoryNotificationResultsPdfActions-CmWRzwr-.js    5.21 kB │ gzip:   2.13 kB
public/build/assets/OnlinePharmacyCheckout-CFZFoW9e.js                     5.24 kB │ gzip:   2.37 kB
public/build/assets/EfevooToken-DtPY7Aav.js                                5.25 kB │ gzip:   1.92 kB
public/build/assets/OnlinePharmacyPurchases-C1vmhEVN.js                    5.33 kB │ gzip:   2.04 kB
public/build/assets/LaboratoryTests-BxJlab7U.js                            5.34 kB │ gzip:   2.31 kB
public/build/assets/MurguiaMonitorShow-Cc03a24I.js                         5.54 kB │ gzip:   1.98 kB
public/build/assets/InvitationLink-3xrZopOO.js                             5.71 kB │ gzip:   2.49 kB
public/build/assets/PaymentAttempts-C6HXwT8K.js                            5.73 kB │ gzip:   2.18 kB
public/build/assets/ThreeDSRedirect-BQuQg46z.js                            5.78 kB │ gzip:   2.36 kB
public/build/assets/ContactInfoForm-BNJXueJ5.js                            5.83 kB │ gzip:   2.35 kB
public/build/assets/Emails-Dxh-CeRG.js                                     5.94 kB │ gzip:   2.47 kB
public/build/assets/Otp-Bsnc6ydL.js                                        5.96 kB │ gzip:   2.51 kB
public/build/assets/SubscriptionHero-f3Ggc0zq.js                           6.12 kB │ gzip:   2.53 kB
public/build/assets/EfevooTokens-Ujqq5Cmf.js                               6.31 kB │ gzip:   2.42 kB
public/build/assets/AuthLayout-JaIWpzNE.js                                 6.36 kB │ gzip:   1.96 kB
public/build/assets/TaxProfilesInfoPanel-Cvv0l1XV.js                       6.60 kB │ gzip:   2.29 kB
public/build/assets/MedicalAttentionSubscriptions-Bl9Czhkz.js              6.95 kB │ gzip:   2.61 kB
public/build/assets/ThreeDSResult-CGBocIWk.js                              7.05 kB │ gzip:   2.81 kB
public/build/assets/LaboratoryTestForm-D9xW5IvY.js                         7.06 kB │ gzip:   2.25 kB
public/build/assets/Administrators-BCUyLW1u.js                             7.16 kB │ gzip:   2.65 kB
public/build/assets/VendorPayments-SrWxldZL.js                             7.22 kB │ gzip:   2.48 kB
public/build/assets/Logs-BzcLzHoy.js                                       7.31 kB │ gzip:   2.65 kB
public/build/assets/OnlinePharmacy-De2KN65X.js                             7.43 kB │ gzip:   2.79 kB
public/build/assets/OnlinePharmacyPurchase-Do_PKspI.js                     7.48 kB │ gzip:   2.79 kB
public/build/assets/LaboratoryNotificationsMonitorShow-Bpm4ODNn.js         7.78 kB │ gzip:   2.59 kB
public/build/assets/LaboratoryTests-BxVQzWKY.js                            7.84 kB │ gzip:   2.81 kB
public/build/assets/OnlinePharmacyPurchase-Dewr0zur.js                     7.97 kB │ gzip:   3.14 kB
public/build/assets/tabs-d-gt4kiO.js                                       7.97 kB │ gzip:   3.29 kB
public/build/assets/Index-CJUSmLck.js                                      7.99 kB │ gzip:   2.49 kB
public/build/assets/MisSolicitudes-DXqr8Aas.js                             8.00 kB │ gzip:   2.71 kB
public/build/assets/CustomerReferrals-BVnMHChh.js                          8.14 kB │ gzip:   3.01 kB
public/build/assets/OnlinePharmacyPurchases-BxMaYzPb.js                    8.32 kB │ gzip:   2.95 kB
public/build/assets/CountryListbox-BUBtI_LH.js                             8.46 kB │ gzip:   2.74 kB
public/build/assets/transition-B40opfDc.js                                 8.54 kB │ gzip:   3.52 kB
public/build/assets/ShoppingCartLayout-BLWlIS3h.js                         9.08 kB │ gzip:   3.61 kB
public/build/assets/Hero-C9qzuZmO.js                                       9.10 kB │ gzip:   3.41 kB
public/build/assets/checkbox-Cg43boVm.js                                   9.10 kB │ gzip:   2.39 kB
public/build/assets/TaxProfileFormUI-DdjHWXEQ.js                           9.14 kB │ gzip:   2.90 kB
public/build/assets/Create-DKm19_-2.js                                     9.39 kB │ gzip:   3.38 kB
public/build/assets/LaboratoryPurchasesChart-QStf53Mv.js                   9.65 kB │ gzip:   3.55 kB
public/build/assets/Welcome-D8kk0jK1.js                                    9.75 kB │ gzip:   3.03 kB
public/build/assets/Customer-DKaALa7L.js                                  10.13 kB │ gzip:   3.27 kB
public/build/assets/DevAssistanceDropdown-DjHYC2x5.js                     10.25 kB │ gzip:   3.39 kB
public/build/assets/switch-BXWBhHo7.js                                    10.51 kB │ gzip:   2.73 kB
public/build/assets/HelpBubble-C9maS1jh.js                                10.58 kB │ gzip:   4.07 kB
public/build/assets/VendorPaymentLayout-DmjkrKbW.js                       10.77 kB │ gzip:   3.63 kB
public/build/assets/TaxProfiles-Bvd2xNjA.js                               10.83 kB │ gzip:   3.79 kB
public/build/assets/Carts-g7CtXblA.js                                     11.25 kB │ gzip:   3.72 kB
public/build/assets/MedicalAttention-Bmc7m7Ry.js                          11.27 kB │ gzip:   3.57 kB
public/build/assets/GdaNotifications-CuKQcoGY.js                          11.28 kB │ gzip:   3.73 kB
public/build/assets/Users-B2QVvy_C.js                                     11.47 kB │ gzip:   3.89 kB
public/build/assets/AdminLayout-DapEbvNW.js                               11.82 kB │ gzip:   3.87 kB
public/build/assets/CartShow-j4L2JZrd.js                                  12.00 kB │ gzip:   3.25 kB
public/build/assets/dialog-hMGDS16t.js                                    12.02 kB │ gzip:   4.63 kB
public/build/assets/SecurityVerificationModal-CkbO_5EM.js                 12.11 kB │ gzip:   4.59 kB
public/build/assets/LaboratoryShoppingCart-DErDzHkU.js                    12.36 kB │ gzip:   5.10 kB
public/build/assets/button-3pO4sXKy.js                                    12.50 kB │ gzip:   2.07 kB
public/build/assets/LaboratoryPurchase-DJx1d-MY.js                        12.55 kB │ gzip:   4.55 kB
public/build/assets/Metadata-DY69EzzX.js                                  12.93 kB │ gzip:   2.93 kB
public/build/assets/Register-CRre046u.js                                  13.10 kB │ gzip:   4.24 kB
public/build/assets/Customers-tAJx5wXN.js                                 13.10 kB │ gzip:   4.18 kB
public/build/assets/Index-DKMMKH37.js                                     13.14 kB │ gzip:   4.49 kB
public/build/assets/LaboratoryPurchases-D9u4ANFL.js                       13.32 kB │ gzip:   3.86 kB
public/build/assets/LaboratoryAppointment-5xbrf5FT.js                     13.35 kB │ gzip:   4.50 kB
public/build/assets/PaymentMethodStep-DE7IXIQm.js                         13.62 kB │ gzip:   4.13 kB
public/build/assets/VerticalNavbar-BXi_xVMw.js                            13.84 kB │ gzip:   4.54 kB
public/build/assets/use-text-value-DNOHpwBB.js                            14.10 kB │ gzip:   5.78 kB
public/build/assets/MurguiaMonitor-CfS8jLqd.js                            14.43 kB │ gzip:   4.09 kB
public/build/assets/LaboratoryAppointment-CDpB1E0B.js                     14.62 kB │ gzip:   4.68 kB
public/build/assets/LaboratoryNotificationsMonitor-BmZEwXZ9.js            14.69 kB │ gzip:   4.49 kB
public/build/assets/ProductCard-BWAxOaIk.js                               14.83 kB │ gzip:   4.58 kB
public/build/assets/testimonials-DQTl71p7.js                              15.42 kB │ gzip:   6.14 kB
public/build/assets/portal-VZkfufET.js                                    16.72 kB │ gzip:   6.52 kB
public/build/assets/PaymentMethods-By939_n-.js                            17.22 kB │ gzip:   4.97 kB
public/build/assets/link-0p3GIWMG.js                                      17.26 kB │ gzip:   6.32 kB
public/build/assets/LaboratoryAppointments-DuGWpNC6.js                    17.95 kB │ gzip:   5.21 kB
public/build/assets/LaboratoryResultsList-DYKZGcbx.js                     18.30 kB │ gzip:   5.58 kB
public/build/assets/OtpAccess-CekvBx87.js                                 22.00 kB │ gzip:   7.01 kB
public/build/assets/floating-ui.react-dom-C6v5tmX0.js                     22.10 kB │ gzip:   8.48 kB
public/build/assets/dropdown-CR3lWepI.js                                  22.33 kB │ gzip:   7.82 kB
public/build/assets/listbox-TDSyewCG.js                                   22.99 kB │ gzip:   7.82 kB
public/build/assets/PrivacyPolicy-CEbxBRJs.js                             23.71 kB │ gzip:   6.47 kB
public/build/assets/Settings-B1UFTRye.js                                  24.88 kB │ gzip:   7.07 kB
public/build/assets/RightsARCO-CgEYm_cH.js                                25.58 kB │ gzip:   6.46 kB
public/build/assets/User-955ucII3.js                                      25.72 kB │ gzip:   6.58 kB
public/build/assets/PieChart-Bl4jco09.js                                  26.21 kB │ gzip:   7.10 kB
public/build/assets/TermsOfService-WO-hbK5-.js                            27.65 kB │ gzip:   8.49 kB
public/build/assets/LaboratoryQuoteSuccess-DDk2VwZZ.js                    27.97 kB │ gzip:   7.33 kB
public/build/assets/FamedicLayout-M0FePpDB.js                             28.12 kB │ gzip:   9.52 kB
public/build/assets/LaboratoryPurchases-B-yXEIuX.js                       29.24 kB │ gzip:   9.07 kB
public/build/assets/AddressStep-6kF9mUTR.js                               32.92 kB │ gzip:   9.97 kB
public/build/assets/Show-CDi4pZaE.js                                      33.75 kB │ gzip:   9.40 kB
public/build/assets/TaxProfileForm-B-Q6Hsa4.js                            40.29 kB │ gzip:  10.92 kB
public/build/assets/LaboratoryCheckout-BiTeoito.js                        41.80 kB │ gzip:  13.25 kB
public/build/assets/Assign-d3-8DlWp.js                                    43.28 kB │ gzip:  11.86 kB
public/build/assets/LaboratoryOrderDetail-CG_hrT0e.js                     48.39 kB │ gzip:  13.30 kB
public/build/assets/Document-tdPU3yXr.js                                  72.79 kB │ gzip:  24.30 kB
public/build/assets/LaboratoryAppointmentMetrics-BA42R8nN.js              84.44 kB │ gzip:  18.02 kB
public/build/assets/syntax-CoSgUzr2.js                                    86.17 kB │ gzip:  24.87 kB
public/build/assets/proxy-CU8tiAQZ.js                                    111.72 kB │ gzip:  36.75 kB
public/build/assets/app-CqF0pldA.js                                      323.79 kB │ gzip: 102.60 kB
public/build/assets/generateCategoricalChart-Dz0kK-h0.js                 384.43 kB │ gzip: 105.57 kB
public/build/assets/DocumentationForm-Capu7kqH.js                        392.80 kB │ gzip: 127.11 kB
✓ built in 1m 15s
NODE_ENV=local is not supported in the .env file. Only NODE_ENV=development is supported to create a development build of your project. If you need to set process.env.NODE_ENV, you can set it in the Vite config instead.
vite v5.4.19 building SSR bundle for production...
transforming...
Browserslist: browsers data (caniuse-lite) is 13 months old. Please run:
  npx update-browserslist-db@latest
  Why you should do it regularly: https://github.com/browserslist/update-db#readme
✓ 344 modules transformed.
x Build failed in 15.49s
error during build:
EACCES, Permission denied: /home/developer/projects/famedic/bootstrap/ssr/assets '/home/developer/projects/famedic/bootstrap/ssr/assets'
    at Object.rmSync (node:fs:1222:18)
    at emptyDir (file:///home/developer/projects/famedic/node_modules/vite/dist/node/chunks/dep-C6uTJdX2.js:17082:19)
    at prepareOutDir (file:///home/developer/projects/famedic/node_modules/vite/dist/node/chunks/dep-C6uTJdX2.js:65730:7)
    at build (file:///home/developer/projects/famedic/node_modules/vite/dist/node/chunks/dep-C6uTJdX2.js:65695:7)
    at async CAC.<anonymous> (file:///home/developer/projects/famedic/node_modules/vite/dist/node/cli.js:829:5)
BUILD_EXIT:1
